17-09-2023 00:35:05.437 [HikariPool-1 housekeeper] [student-forum, ] WARN  com.zaxxer.hikari.pool.HikariPool.run - HikariPool-1 - Thread starvation or clock leap detected (housekeeper delta=50m6s637ms).
17-09-2023 00:47:45.381 [HikariPool-1 housekeeper] [student-forum, ] WARN  com.zaxxer.hikari.pool.HikariPool.run - HikariPool-1 - Thread starvation or clock leap detected (housekeeper delta=12m39s945ms).
17-09-2023 02:00:40.777 [HikariPool-1 housekeeper] [student-forum, ] WARN  com.zaxxer.hikari.pool.HikariPool.run - HikariPool-1 - Thread starvation or clock leap detected (housekeeper delta=46m21s869ms).
17-09-2023 03:23:53.915 [HikariPool-1 housekeeper] [student-forum, ] WARN  com.zaxxer.hikari.pool.HikariPool.run - HikariPool-1 - Thread starvation or clock leap detected (housekeeper delta=1h7m12s954ms).
17-09-2023 04:44:51.894 [HikariPool-1 housekeeper] [student-forum, ] WARN  com.zaxxer.hikari.pool.HikariPool.run - HikariPool-1 - Thread starvation or clock leap detected (housekeeper delta=1h20m57s979ms).
17-09-2023 06:08:33.008 [HikariPool-1 housekeeper] [student-forum, ] WARN  com.zaxxer.hikari.pool.HikariPool.run - HikariPool-1 - Thread starvation or clock leap detected (housekeeper delta=1h23m41s114ms).
17-09-2023 07:30:32.159 [HikariPool-1 housekeeper] [student-forum, ] WARN  com.zaxxer.hikari.pool.HikariPool.run - HikariPool-1 - Thread starvation or clock leap detected (housekeeper delta=1h21m59s151ms).
17-09-2023 08:45:33.735 [HikariPool-1 housekeeper] [student-forum, ] WARN  com.zaxxer.hikari.pool.HikariPool.run - HikariPool-1 - Thread starvation or clock leap detected (housekeeper delta=1h15m1s575ms).
17-09-2023 10:10:22.815 [HikariPool-1 housekeeper] [student-forum, ] WARN  com.zaxxer.hikari.pool.HikariPool.run - HikariPool-1 - Thread starvation or clock leap detected (housekeeper delta=1h24m49s81ms).
17-09-2023 11:34:32.933 [HikariPool-1 housekeeper] [student-forum, ] WARN  com.zaxxer.hikari.pool.HikariPool.run - HikariPool-1 - Thread starvation or clock leap detected (housekeeper delta=1h24m10s118ms).
17-09-2023 12:59:37.104 [HikariPool-1 housekeeper] [student-forum, ] WARN  com.zaxxer.hikari.pool.HikariPool.run - HikariPool-1 - Thread starvation or clock leap detected (housekeeper delta=1h25m4s171ms).
17-09-2023 13:13:41.644 [HikariPool-1 housekeeper] [student-forum, ] WARN  com.zaxxer.hikari.pool.HikariPool.run - HikariPool-1 - Thread starvation or clock leap detected (housekeeper delta=14m4s540ms).
17-09-2023 14:39:25.762 [SpringApplicationShutdownHook] [student-forum, ] INFO  o.s.o.j.LocalContainerEntityManagerFactoryBean.destroy - Closing JPA EntityManagerFactory for persistence unit 'default'
17-09-2023 14:39:25.766 [SpringApplicationShutdownHook] [student-forum, ] INFO  com.zaxxer.hikari.HikariDataSource.close - HikariPool-1 - Shutdown initiated...
17-09-2023 14:39:25.770 [SpringApplicationShutdownHook] [student-forum, ] INFO  com.zaxxer.hikari.HikariDataSource.close - HikariPool-1 - Shutdown completed.
17-09-2023 14:39:27.453 [restartedMain] [student-forum, ] INFO  c.o.s.StudentforumApplication.logStarting - Starting StudentforumApplication using Java 17.0.6 with PID 13634 (/Users/furkan/Desktop/repos/student-forum/backend/studentforum/target/classes started by furkan in /Users/furkan/Desktop/repos/student-forum/backend)
17-09-2023 14:39:27.454 [restartedMain] [student-forum, ] INFO  c.o.s.StudentforumApplication.logStartupProfileInfo - No active profile set, falling back to 1 default profile: "default"
17-09-2023 14:39:27.475 [restartedMain] [student-forum, ] INFO  o.s.b.d.e.DevToolsPropertyDefaultsPostProcessor.logTo - Devtools property defaults active! Set 'spring.devtools.add-properties' to 'false' to disable
17-09-2023 14:39:27.475 [restartedMain] [student-forum, ] INFO  o.s.b.d.e.DevToolsPropertyDefaultsPostProcessor.logTo - For additional web related logging consider setting the 'logging.level.web' property to 'DEBUG'
17-09-2023 14:39:27.740 [restartedMain] [student-forum, ] INFO  o.s.d.r.c.RepositoryConfigurationDelegate.registerRepositoriesIn - Bootstrapping Spring Data JPA repositories in DEFAULT mode.
17-09-2023 14:39:27.769 [restartedMain] [student-forum, ] INFO  o.s.d.r.c.RepositoryConfigurationDelegate.registerRepositoriesIn - Finished Spring Data repository scanning in 26 ms. Found 10 JPA repository interfaces.
17-09-2023 14:39:28.002 [restartedMain] [student-forum, ] INFO  o.s.b.w.e.tomcat.TomcatWebServer.initialize - Tomcat initialized with port(s): 8080 (http)
17-09-2023 14:39:28.006 [restartedMain] [student-forum, ] INFO  o.a.coyote.http11.Http11NioProtocol.log - Initializing ProtocolHandler ["http-nio-8080"]
17-09-2023 14:39:28.007 [restartedMain] [student-forum, ] INFO  o.a.catalina.core.StandardService.log - Starting service [Tomcat]
17-09-2023 14:39:28.007 [restartedMain] [student-forum, ] INFO  o.a.catalina.core.StandardEngine.log - Starting Servlet engine: [Apache Tomcat/10.1.12]
17-09-2023 14:39:28.025 [restartedMain] [student-forum, ] INFO  o.a.c.c.C.[Tomcat].[localhost].[/].log - Initializing Spring embedded WebApplicationContext
17-09-2023 14:39:28.025 [restartedMain] [student-forum, ] INFO  o.s.b.w.s.c.ServletWebServerApplicationContext.prepareWebApplicationContext - Root WebApplicationContext: initialization completed in 550 ms
17-09-2023 14:39:28.052 [restartedMain] [student-forum, ] INFO  com.zaxxer.hikari.HikariDataSource.getConnection - HikariPool-1 - Starting...
17-09-2023 14:39:28.191 [restartedMain] [student-forum, ] INFO  com.zaxxer.hikari.pool.HikariPool.checkFailFast - HikariPool-1 - Added connection com.mysql.cj.jdbc.ConnectionImpl@63d5c533
17-09-2023 14:39:28.192 [restartedMain] [student-forum, ] INFO  com.zaxxer.hikari.HikariDataSource.getConnection - HikariPool-1 - Start completed.
17-09-2023 14:39:28.224 [restartedMain] [student-forum, ] INFO  o.h.jpa.internal.util.LogHelper.logPersistenceUnitInformation - HHH000204: Processing PersistenceUnitInfo [name: default]
17-09-2023 14:39:28.247 [restartedMain] [student-forum, ] INFO  org.hibernate.Version.logVersion - HHH000412: Hibernate ORM core version 6.2.7.Final
17-09-2023 14:39:28.249 [restartedMain] [student-forum, ] INFO  org.hibernate.cfg.Environment.<clinit> - HHH000406: Using bytecode reflection optimizer
17-09-2023 14:39:28.299 [restartedMain] [student-forum, ] INFO  o.h.b.i.BytecodeProviderInitiator.buildBytecodeProvider - HHH000021: Bytecode provider name : bytebuddy
17-09-2023 14:39:28.346 [restartedMain] [student-forum, ] INFO  o.s.o.j.p.SpringPersistenceUnitInfo.addTransformer - No LoadTimeWeaver setup: ignoring JPA class transformer
17-09-2023 14:39:28.469 [restartedMain] [student-forum, ] INFO  o.h.b.i.BytecodeProviderInitiator.buildBytecodeProvider - HHH000021: Bytecode provider name : bytebuddy
17-09-2023 14:39:28.726 [restartedMain] [student-forum, ] INFO  o.h.e.t.j.p.i.JtaPlatformInitiator.initiateService - HHH000490: Using JtaPlatform implementation: [org.hibernate.engine.transaction.jta.platform.internal.NoJtaPlatform]
17-09-2023 14:39:28.869 [restartedMain] [student-forum, ] INFO  o.s.o.j.LocalContainerEntityManagerFactoryBean.buildNativeEntityManagerFactory - Initialized JPA EntityManagerFactory for persistence unit 'default'
17-09-2023 14:39:29.180 [restartedMain] [student-forum, ] WARN  o.s.b.a.o.j.JpaBaseConfiguration$JpaWebConfiguration.openEntityManagerInViewInterceptor - spring.jpa.open-in-view is enabled by default. Therefore, database queries may be performed during view rendering. Explicitly configure spring.jpa.open-in-view to disable this warning
17-09-2023 14:39:29.285 [restartedMain] [student-forum, ] INFO  o.s.s.web.DefaultSecurityFilterChain.<init> - Will secure any request with [org.springframework.security.web.session.DisableEncodeUrlFilter@3dd72d93, org.springframework.security.web.context.request.async.WebAsyncManagerIntegrationFilter@4600d35c, org.springframework.security.web.context.SecurityContextHolderFilter@6124318c, org.springframework.security.web.header.HeaderWriterFilter@27762276, org.springframework.web.filter.CorsFilter@31dc4664, org.springframework.security.web.authentication.logout.LogoutFilter@45933035, com.omerfurkan.studentforum.security.JwtAuthenticationFilter@2213780, org.springframework.security.web.authentication.www.BasicAuthenticationFilter@710145b0, org.springframework.security.web.savedrequest.RequestCacheAwareFilter@24c37286, org.springframework.security.web.servletapi.SecurityContextHolderAwareRequestFilter@69fa14a8, org.springframework.security.web.authentication.AnonymousAuthenticationFilter@21081524, org.springframework.security.web.session.SessionManagementFilter@10204276, org.springframework.security.web.access.ExceptionTranslationFilter@55cab28f, org.springframework.security.web.access.intercept.FilterSecurityInterceptor@21d7f9ba]
17-09-2023 14:39:29.347 [restartedMain] [student-forum, ] INFO  o.s.b.d.a.OptionalLiveReloadServer.startServer - LiveReload server is running on port 35729
17-09-2023 14:39:29.356 [restartedMain] [student-forum, ] INFO  o.a.coyote.http11.Http11NioProtocol.log - Starting ProtocolHandler ["http-nio-8080"]
17-09-2023 14:39:29.363 [restartedMain] [student-forum, ] INFO  o.s.b.w.e.tomcat.TomcatWebServer.start - Tomcat started on port(s): 8080 (http) with context path ''
17-09-2023 14:39:29.368 [restartedMain] [student-forum, ] INFO  c.o.s.StudentforumApplication.logStarted - Started StudentforumApplication in 2.033 seconds (process running for 2.691)
17-09-2023 14:39:43.362 [http-nio-8080-exec-1] [student-forum, ] INFO  o.a.c.c.C.[Tomcat].[localhost].[/].log - Initializing Spring DispatcherServlet 'dispatcherServlet'
17-09-2023 14:39:43.363 [http-nio-8080-exec-1] [student-forum, ] INFO  o.s.web.servlet.DispatcherServlet.initServletBean - Initializing Servlet 'dispatcherServlet'
17-09-2023 14:39:43.364 [http-nio-8080-exec-1] [student-forum, ] INFO  o.s.web.servlet.DispatcherServlet.initServletBean - Completed initialization in 1 ms
17-09-2023 14:41:05.714 [SpringApplicationShutdownHook] [student-forum, ] INFO  o.s.o.j.LocalContainerEntityManagerFactoryBean.destroy - Closing JPA EntityManagerFactory for persistence unit 'default'
17-09-2023 14:41:05.715 [SpringApplicationShutdownHook] [student-forum, ] INFO  com.zaxxer.hikari.HikariDataSource.close - HikariPool-1 - Shutdown initiated...
17-09-2023 14:41:05.720 [SpringApplicationShutdownHook] [student-forum, ] INFO  com.zaxxer.hikari.HikariDataSource.close - HikariPool-1 - Shutdown completed.
17-09-2023 22:09:18.508 [restartedMain] [student-forum, ] INFO  c.o.s.StudentforumApplication.logStarting - Starting StudentforumApplication using Java 17.0.6 with PID 19476 (/Users/furkan/Desktop/repos/student-forum/backend/studentforum/target/classes started by furkan in /Users/furkan/Desktop/repos/student-forum/backend)
17-09-2023 22:09:18.509 [restartedMain] [student-forum, ] INFO  c.o.s.StudentforumApplication.logStartupProfileInfo - No active profile set, falling back to 1 default profile: "default"
17-09-2023 22:09:18.523 [restartedMain] [student-forum, ] INFO  o.s.b.d.e.DevToolsPropertyDefaultsPostProcessor.logTo - Devtools property defaults active! Set 'spring.devtools.add-properties' to 'false' to disable
17-09-2023 22:09:18.523 [restartedMain] [student-forum, ] INFO  o.s.b.d.e.DevToolsPropertyDefaultsPostProcessor.logTo - For additional web related logging consider setting the 'logging.level.web' property to 'DEBUG'
17-09-2023 22:09:18.773 [restartedMain] [student-forum, ] INFO  o.s.d.r.c.RepositoryConfigurationDelegate.registerRepositoriesIn - Bootstrapping Spring Data JPA repositories in DEFAULT mode.
17-09-2023 22:09:18.803 [restartedMain] [student-forum, ] INFO  o.s.d.r.c.RepositoryConfigurationDelegate.registerRepositoriesIn - Finished Spring Data repository scanning in 26 ms. Found 10 JPA repository interfaces.
17-09-2023 22:09:19.020 [restartedMain] [student-forum, ] INFO  o.s.b.w.e.tomcat.TomcatWebServer.initialize - Tomcat initialized with port(s): 8080 (http)
17-09-2023 22:09:19.023 [restartedMain] [student-forum, ] INFO  o.a.coyote.http11.Http11NioProtocol.log - Initializing ProtocolHandler ["http-nio-8080"]
17-09-2023 22:09:19.023 [restartedMain] [student-forum, ] INFO  o.a.catalina.core.StandardService.log - Starting service [Tomcat]
17-09-2023 22:09:19.023 [restartedMain] [student-forum, ] INFO  o.a.catalina.core.StandardEngine.log - Starting Servlet engine: [Apache Tomcat/10.1.12]
17-09-2023 22:09:19.044 [restartedMain] [student-forum, ] INFO  o.a.c.c.C.[Tomcat].[localhost].[/].log - Initializing Spring embedded WebApplicationContext
17-09-2023 22:09:19.044 [restartedMain] [student-forum, ] INFO  o.s.b.w.s.c.ServletWebServerApplicationContext.prepareWebApplicationContext - Root WebApplicationContext: initialization completed in 521 ms
17-09-2023 22:09:19.069 [restartedMain] [student-forum, ] INFO  com.zaxxer.hikari.HikariDataSource.getConnection - HikariPool-1 - Starting...
17-09-2023 22:09:19.185 [restartedMain] [student-forum, ] INFO  com.zaxxer.hikari.pool.HikariPool.checkFailFast - HikariPool-1 - Added connection com.mysql.cj.jdbc.ConnectionImpl@65679ad9
17-09-2023 22:09:19.186 [restartedMain] [student-forum, ] INFO  com.zaxxer.hikari.HikariDataSource.getConnection - HikariPool-1 - Start completed.
17-09-2023 22:09:19.218 [restartedMain] [student-forum, ] INFO  o.h.jpa.internal.util.LogHelper.logPersistenceUnitInformation - HHH000204: Processing PersistenceUnitInfo [name: default]
17-09-2023 22:09:19.243 [restartedMain] [student-forum, ] INFO  org.hibernate.Version.logVersion - HHH000412: Hibernate ORM core version 6.2.7.Final
17-09-2023 22:09:19.245 [restartedMain] [student-forum, ] INFO  org.hibernate.cfg.Environment.<clinit> - HHH000406: Using bytecode reflection optimizer
17-09-2023 22:09:19.295 [restartedMain] [student-forum, ] INFO  o.h.b.i.BytecodeProviderInitiator.buildBytecodeProvider - HHH000021: Bytecode provider name : bytebuddy
17-09-2023 22:09:19.342 [restartedMain] [student-forum, ] INFO  o.s.o.j.p.SpringPersistenceUnitInfo.addTransformer - No LoadTimeWeaver setup: ignoring JPA class transformer
17-09-2023 22:09:19.454 [restartedMain] [student-forum, ] INFO  o.h.b.i.BytecodeProviderInitiator.buildBytecodeProvider - HHH000021: Bytecode provider name : bytebuddy
17-09-2023 22:09:19.711 [restartedMain] [student-forum, ] INFO  o.h.e.t.j.p.i.JtaPlatformInitiator.initiateService - HHH000490: Using JtaPlatform implementation: [org.hibernate.engine.transaction.jta.platform.internal.NoJtaPlatform]
17-09-2023 22:09:19.864 [restartedMain] [student-forum, ] INFO  o.s.o.j.LocalContainerEntityManagerFactoryBean.buildNativeEntityManagerFactory - Initialized JPA EntityManagerFactory for persistence unit 'default'
17-09-2023 22:09:20.164 [restartedMain] [student-forum, ] WARN  o.s.b.a.o.j.JpaBaseConfiguration$JpaWebConfiguration.openEntityManagerInViewInterceptor - spring.jpa.open-in-view is enabled by default. Therefore, database queries may be performed during view rendering. Explicitly configure spring.jpa.open-in-view to disable this warning
17-09-2023 22:09:20.265 [restartedMain] [student-forum, ] INFO  o.s.s.web.DefaultSecurityFilterChain.<init> - Will secure any request with [org.springframework.security.web.session.DisableEncodeUrlFilter@2e9a88b8, org.springframework.security.web.context.request.async.WebAsyncManagerIntegrationFilter@1f7c5750, org.springframework.security.web.context.SecurityContextHolderFilter@5a6a9832, org.springframework.security.web.header.HeaderWriterFilter@46c7b7f3, org.springframework.web.filter.CorsFilter@7b12aa11, org.springframework.security.web.authentication.logout.LogoutFilter@5a510727, com.omerfurkan.studentforum.security.JwtAuthenticationFilter@7b9c2e4e, org.springframework.security.web.authentication.www.BasicAuthenticationFilter@443ebd36, org.springframework.security.web.savedrequest.RequestCacheAwareFilter@65e0d5e8, org.springframework.security.web.servletapi.SecurityContextHolderAwareRequestFilter@acfa084, org.springframework.security.web.authentication.AnonymousAuthenticationFilter@69288430, org.springframework.security.web.session.SessionManagementFilter@21613620, org.springframework.security.web.access.ExceptionTranslationFilter@15916e04, org.springframework.security.web.access.intercept.FilterSecurityInterceptor@20fb47b7]
17-09-2023 22:09:20.328 [restartedMain] [student-forum, ] INFO  o.s.b.d.a.OptionalLiveReloadServer.startServer - LiveReload server is running on port 35729
17-09-2023 22:09:20.336 [restartedMain] [student-forum, ] INFO  o.a.coyote.http11.Http11NioProtocol.log - Starting ProtocolHandler ["http-nio-8080"]
17-09-2023 22:09:20.343 [restartedMain] [student-forum, ] INFO  o.s.b.w.e.tomcat.TomcatWebServer.start - Tomcat started on port(s): 8080 (http) with context path ''
17-09-2023 22:09:20.348 [restartedMain] [student-forum, ] INFO  c.o.s.StudentforumApplication.logStarted - Started StudentforumApplication in 1.955 seconds (process running for 2.273)
17-09-2023 22:53:29.922 [HikariPool-1 housekeeper] [student-forum, ] WARN  com.zaxxer.hikari.pool.HikariPool.run - HikariPool-1 - Thread starvation or clock leap detected (housekeeper delta=16m40s434ms).
17-09-2023 22:57:23.458 [HikariPool-1 housekeeper] [student-forum, ] WARN  com.zaxxer.hikari.pool.HikariPool.run - HikariPool-1 - Thread starvation or clock leap detected (housekeeper delta=3m53s537ms).
17-09-2023 23:04:53.035 [HikariPool-1 housekeeper] [student-forum, ] WARN  com.zaxxer.hikari.pool.HikariPool.run - HikariPool-1 - Thread starvation or clock leap detected (housekeeper delta=7m29s577ms).
